[09:37:42] [main/INFO]: Logging in with username & password
[09:37:49] [Client thread/INFO]: Setting user: deydor
[09:37:58] [Client thread/WARN]: Skipping bad option: lastServer:
[09:37:58] [Client thread/INFO]: LWJGL Version: 2.9.4
[09:37:59] [Client thread/INFO]: [STDOUT]: ---- Minecraft Crash Report ----
// Ooh. Shiny.

Time: 01.02.17 09:37
Description: Loading screen debug info

This is just a prompt for computer specs to be printed. THIS IS NOT A ERROR


A detailed walkthrough of the error, its code path and all known details is as follows:
---------------------------------------------------------------------------------------

-- System Details --
Details:
	Minecraft Version: 1.11
	Operating System: Windows 8.1 (amd64) version 6.3
	Java Version: 1.8.0_111, Oracle Corporation
	Java VM Version: Java HotSpot(TM) 64-Bit Server VM (mixed mode), Oracle Corporation
	Memory: 275455992 bytes (262 MB) / 664797184 bytes (634 MB) up to 1883242496 bytes (1796 MB)
	JVM Flags: 0 total; 
	IntCache: cache: 0, tcache: 0, allocated: 0, tallocated: 0
	FML: 
	Loaded coremods (and transformers): 
	GL info: ' Vendor: 'Intel' Version: '4.3.0 - Build 10.18.10.3960' Renderer: 'Intel(R) HD Graphics 4400'
[09:38:05] [Client thread/INFO]: Reloading ResourceManager: Default, FMLFileResourcePack:Forge Mod Loader, FMLFileResourcePack:Minecraft Forge, FMLFileResourcePack:Tutorial Mod, FMLFileResourcePack:Example Mod
[09:38:10] [Sound Library Loader/INFO]: Starting up SoundSystem...
[09:38:11] [Thread-8/INFO]: Initializing LWJGL OpenAL
[09:38:11] [Thread-8/INFO]: (The LWJGL binding of OpenAL.  For more information, see http://www.lwjgl.org)
[09:38:11] [Thread-8/INFO]: OpenAL initialized.
[09:38:11] [Sound Library Loader/INFO]: Sound engine started
[09:38:18] [Client thread/INFO]: Created: 16x16 textures-atlas
[09:38:21] [Client thread/INFO]: [STDOUT]: DIRT BLOCK >> tile.dirt
[09:38:22] [Client thread/INFO]: Reloading ResourceManager: Default, FMLFileResourcePack:Forge Mod Loader, FMLFileResourcePack:Minecraft Forge, FMLFileResourcePack:Tutorial Mod, FMLFileResourcePack:Example Mod
[09:38:25] [Client thread/INFO]: SoundSystem shutting down...
[09:38:25] [Client thread/WARN]: Author: Paul Lamb, www.paulscode.com
[09:38:25] [Sound Library Loader/INFO]: Starting up SoundSystem...
[09:38:25] [Thread-10/INFO]: Initializing LWJGL OpenAL
[09:38:25] [Thread-10/INFO]: (The LWJGL binding of OpenAL.  For more information, see http://www.lwjgl.org)
[09:38:25] [Thread-10/INFO]: OpenAL initialized.
[09:38:26] [Sound Library Loader/INFO]: Sound engine started
[09:38:31] [Client thread/INFO]: Created: 512x512 textures-atlas
[09:38:33] [Client thread/WARN]: Skipping bad option: lastServer:
[09:38:43] [Server thread/INFO]: Starting integrated minecraft server version 1.11
[09:38:43] [Server thread/INFO]: Generating keypair
[09:38:45] [Server thread/INFO]: Preparing start region for level 0
[09:38:46] [Server thread/INFO]: Preparing spawn area: 4%
[09:38:47] [Server thread/INFO]: Preparing spawn area: 6%
[09:38:48] [Server thread/INFO]: Preparing spawn area: 10%
[09:38:49] [Server thread/INFO]: Preparing spawn area: 13%
[09:38:50] [Server thread/INFO]: Preparing spawn area: 17%
[09:38:51] [Server thread/INFO]: Preparing spawn area: 22%
[09:38:52] [Server thread/INFO]: Preparing spawn area: 27%
[09:38:53] [Server thread/INFO]: Preparing spawn area: 31%
[09:38:54] [Server thread/INFO]: Preparing spawn area: 35%
[09:38:55] [Server thread/INFO]: Preparing spawn area: 41%
[09:38:56] [Server thread/INFO]: Preparing spawn area: 47%
[09:38:57] [Server thread/INFO]: Preparing spawn area: 52%
[09:38:58] [Server thread/INFO]: Preparing spawn area: 59%
[09:38:59] [Server thread/INFO]: Preparing spawn area: 65%
[09:39:00] [Server thread/INFO]: Preparing spawn area: 72%
[09:39:01] [Server thread/INFO]: Preparing spawn area: 79%
[09:39:02] [Server thread/INFO]: Preparing spawn area: 85%
[09:39:03] [Server thread/INFO]: Preparing spawn area: 93%
[09:39:04] [Server thread/INFO]: Preparing spawn area: 99%
[09:39:05] [Server thread/INFO]: Changing view distance to 12, from 10
[09:39:07] [Server thread/INFO]: deydor[local:E:33cf0b36] logged in with entity id 1628 at (78.5, 69.0, 250.5)
[09:39:07] [Server thread/INFO]: deydor joined the game
[09:39:16] [Server thread/WARN]: Can't keep up! Did the system time change, or is the server overloaded? Running 11241ms behind, skipping 224 tick(s)
[09:39:16] [Server thread/INFO]: deydor has just earned the achievement [Taking Inventory]
[09:39:16] [Client thread/INFO]: [CHAT] deydor has just earned the achievement [Taking Inventory]
[09:39:28] [Server thread/INFO]: Saving and pausing game...
[09:39:28] [Server thread/INFO]: Saving chunks for level 'New World'/Overworld
[09:39:29] [Server thread/INFO]: Saving chunks for level 'New World'/Nether
[09:39:29] [Server thread/INFO]: Saving chunks for level 'New World'/The End
[09:39:29] [Server thread/WARN]: Can't keep up! Did the system time change, or is the server overloaded? Running 2387ms behind, skipping 47 tick(s)
[09:39:33] [Client thread/INFO]: Stopping!
[09:39:33] [Server thread/INFO]: Stopping server
[09:39:33] [Server thread/INFO]: Saving players
[09:39:33] [Server thread/INFO]: deydor lost connection: TextComponent{text='Server closed', siblings=[], style=Style{hasParent=false, color=null, bold=null, italic=null, underlined=null, obfuscated=null, clickEvent=null, hoverEvent=null, insertion=null}}
[09:39:33] [Server thread/INFO]: deydor left the game
[09:39:33] [Server thread/INFO]: Stopping singleplayer server as player logged out
[09:39:33] [Server thread/INFO]: Saving worlds
[09:39:33] [Server thread/INFO]: Saving chunks for level 'New World'/Overworld
[09:39:33] [Server thread/INFO]: Saving chunks for level 'New World'/Nether
[09:39:33] [Server thread/INFO]: Saving chunks for level 'New World'/The End
[09:39:34] [Client thread/INFO]: SoundSystem shutting down...
[09:39:34] [Client thread/WARN]: Author: Paul Lamb, www.paulscode.com
